Arguments: 
  C:\Program Files\nodejs\node.exe C:\Users\luca1\AppData\Roaming\npm\node_modules\yarn\bin\yarn.js init

PATH: 
  C:\Users\luca1\bin;C:\Codecool\Git\mingw64\bin;C:\Codecool\Git\usr\local\bin;C:\Codecool\Git\usr\bin;C:\Codecool\Git\usr\bin;C:\Codecool\Git\mingw64\bin;C:\Codecool\Git\usr\bin;C:\Users\luca1\bin;C:\Python310\Scripts;C:\Python310;C:\Program Files (x86)\Common Files\Oracle\Java\javapath;C:\Windows\system32;C:\Windows;C:\Windows\System32\Wbem;C:\Windows\System32\WindowsPowerShell\v1.0;C:\Windows\System32\OpenSSH;C:\Codecool\Git\cmd;C:\Python310;C:\Program Files\PostgreSQL\14\bin;C:\Program Files\nodejs;C:\ProgramData\chocolatey\bin;C:\Program Files\Docker\Docker\resources\bin;C:\Users\luca1\AppData\Local\Microsoft\WindowsApps;C:\Users\luca1\AppData\Local\Programs\Microsoft VS Code\bin;C:\Users\luca1\AppData\Local\GitHubDesktop\bin;C:\Program Files\heroku\bin;C:\Program Files\JetBrains\IntelliJ IDEA 2022.1.1\bin;C:\Users\luca1\AppData\Roaming\npm;C:\Users\luca1\AppData\Local\JetBrains\Toolbox\scripts;C:\Codecool\Git\usr\bin\vendor_perl;C:\Codecool\Git\usr\bin\core_perl

Yarn version: 
  1.22.19

Node version: 
  16.17.1

Platform: 
  win32 x64

Trace: 
  Error: Can't answer a question unless a user TTY
      at ConsoleReporter.question (C:\Users\luca1\AppData\Roaming\npm\node_modules\yarn\lib\cli.js:92864:59)
      at Object.<anonymous> (C:\Users\luca1\AppData\Roaming\npm\node_modules\yarn\lib\cli.js:85054:38)
      at Generator.next (<anonymous>)
      at step (C:\Users\luca1\AppData\Roaming\npm\node_modules\yarn\lib\cli.js:310:30)
      at C:\Users\luca1\AppData\Roaming\npm\node_modules\yarn\lib\cli.js:321:13

npm manifest: 
  No manifest

yarn manifest: 
  No manifest

Lockfile: 
  No lockfile
